1581907914,424f75450677ceb1
1581907915,c0ee0bc5dd4d564c
1582411594,3174486ce712c98d
1582413031,d96df7ac25edf872
1582413031,2d169ad1c4200df0
1582507936,5b5751bfca1eaa4a
1582517697,449d907030259a7e
1582517711,05cc111f74246923
1582521885,27d1ded7bd2e4489
1582530265,76aa0fa0f5d7679f
1582582945,70189000de2c3b8d
1582586614,edd31cf47e2e5380
1582586787,6d1051e55c709f3f
1582588634,3535b6120ca5833f
1582609118,54b06fd45e2189bd
1582609373,3f6366a32556004e
1582609769,31a19e7c6dffc453
1582609770,27fef53d04d0f4a0
1582667446,c23d02ca9e66aade
1582667829,e8a041a1d604c028
1582696387,62caea8879badd96
1582696388,8e9f3f4260c48766
1582700112,abe671f6cc4afa95
1582700112,9f525c24517de003
1582702975,ce47503a8054652d
1582702976,b2a7d09aa8ac59ef
1582702976,c336552f49050201
1582755627,3fec47150496e36d
1582840019,7687a2c3b7ba527c
1582840028,db9c932baf8b5563
1582840038,11f7e400574e72c9
1582840048,9d77d933c7e14c64
1582840111,3a799bc88ee26f41
1583020462,b8d66f28e89a28c7
1583027053,bceebb294fd277d4
1583027054,11a9929db56d8a99
1583027381,37e09e0d22e8d679
1583027608,ba9b01cb9da7cec1
1583031305,c65418d5276a77cc
1583031305,0815d5588f4cb464
1583123527,e773c7dbc6e9b884
1583144735,4e438bb5ccf97596
1583149191,60f00154eccc8565
1583149192,59b82b73961b11a0
1583195243,552a4d36b510da93
1583195244,296b95e61dfa0487
1583195251,99ca426308ca4b50
1583195438,3be71b502145c189
1583195439,d105ef5f481a17a3
1583272947,eee5a556a3f351b7
1583273277,daa9698a75acd578
1583450805,1346626a2cfc218b
1583450820,b174e502feae2134
1583451269,43daaa0982023dca
1583451429,0e41546d203af299
1583634269,6fd2e7d027506eff
1583645098,df2bfe13b9236560
1583648036,20da35fc6bb7adf7
1583804128,12628430b90d1577
1583804470,62fd410e4410a417
1583804478,e60d72a03fbc0bc1
1583804559,6ebcf36d31d8843e
1583804574,22aeb39fa0c53f31
1583884878,aa9620507b51aa68
1583885979,d434211b6f7d7025
1583893201,84952349903fe5e3
1583893201,dbbcbc8b6970971c
1583893505,39f473c9c39c56be
1583893517,ea916e59b62e49e6
1583917519,62b988ac56d411bd
1583917520,d8038734996f70a3
1583917524,32670240acc5038b
1583917524,125341942ea77854
1583958111,9b55b8a13072ac99
1583958111,51f59cd0ba01ca93
1583958333,0d837cd52fac2b57
1583958333,3f2d1f1fdf132621
1583987667,6f281bdf300e7797
1583987668,ca00b2043ed47509
1584048297,05149f7e5e2794a5
1584048297,a9d154c41dd7efce
1584048621,8cbde98256e9e2ee
1584059705,7dd4efdf93e76b54
1584313927,3b9eaf478f141b31
1584315001,07eef50814360f71
1584319778,897a18b1d608bda8
1584319778,11857e123a7f6bd5
